<?xml version="1.0" encoding="UTF-8"?>
<!-- Generated by org.testng.reporters.JUnitReportReporter -->
<testsuite hostname="MALOOTYPC" name="tests.LoginTests" tests="1" failures="0" timestamp="4 Jan 2020 02:58:19 GMT" time="2.435" errors="0">
  <testcase name="LoginTest" time="2.435" classname="tests.LoginTests"/>
</testsuite> <!-- tests.LoginTests -->
